[23-Oct-2023 03:44:35 Europe/Moscow] PHP Warning:  include_once(libs/php-jwt/BeforeValidException.php): Failed to open stream: No such file or directory in D:\!SRV\wwwroot\localhost\authentication-jwt\api\validate_token.php on line 12
[23-Oct-2023 03:44:35 Europe/Moscow] PHP Warning:  include_once(): Failed opening 'libs/php-jwt/BeforeValidException.php' for inclusion (include_path='.;C:\php\pear') in D:\!SRV\wwwroot\localhost\authentication-jwt\api\validate_token.php on line 12
[23-Oct-2023 03:44:35 Europe/Moscow] PHP Warning:  include_once(libs/php-jwt/ExpiredException.php): Failed to open stream: No such file or directory in D:\!SRV\wwwroot\localhost\authentication-jwt\api\validate_token.php on line 13
[23-Oct-2023 03:44:35 Europe/Moscow] PHP Warning:  include_once(): Failed opening 'libs/php-jwt/ExpiredException.php' for inclusion (include_path='.;C:\php\pear') in D:\!SRV\wwwroot\localhost\authentication-jwt\api\validate_token.php on line 13
[23-Oct-2023 03:44:35 Europe/Moscow] PHP Warning:  include_once(libs/php-jwt/SignatureInvalidException.php): Failed to open stream: No such file or directory in D:\!SRV\wwwroot\localhost\authentication-jwt\api\validate_token.php on line 14
[23-Oct-2023 03:44:35 Europe/Moscow] PHP Warning:  include_once(): Failed opening 'libs/php-jwt/SignatureInvalidException.php' for inclusion (include_path='.;C:\php\pear') in D:\!SRV\wwwroot\localhost\authentication-jwt\api\validate_token.php on line 14
[23-Oct-2023 03:44:35 Europe/Moscow] PHP Warning:  include_once(libs/php-jwt/JWT.php): Failed to open stream: No such file or directory in D:\!SRV\wwwroot\localhost\authentication-jwt\api\validate_token.php on line 15
[23-Oct-2023 03:44:35 Europe/Moscow] PHP Warning:  include_once(): Failed opening 'libs/php-jwt/JWT.php' for inclusion (include_path='.;C:\php\pear') in D:\!SRV\wwwroot\localhost\authentication-jwt\api\validate_token.php on line 15
[23-Oct-2023 03:44:35 Europe/Moscow] PHP Warning:  include_once(libs/php-jwt/Key.php): Failed to open stream: No such file or directory in D:\!SRV\wwwroot\localhost\authentication-jwt\api\validate_token.php on line 16
[23-Oct-2023 03:44:35 Europe/Moscow] PHP Warning:  include_once(): Failed opening 'libs/php-jwt/Key.php' for inclusion (include_path='.;C:\php\pear') in D:\!SRV\wwwroot\localhost\authentication-jwt\api\validate_token.php on line 16
[23-Oct-2023 00:47:20 UTC] PHP Warning:  include_once(../Objects/User.php): Failed to open stream: No such file or directory in D:\!SRV\wwwroot\localhost\authentication-jwt\api\create_user.php on line 13
[23-Oct-2023 00:47:20 UTC] PHP Warning:  include_once(): Failed opening '../Objects/User.php' for inclusion (include_path='.;C:\php\pear') in D:\!SRV\wwwroot\localhost\authentication-jwt\api\create_user.php on line 13
[23-Oct-2023 00:47:20 UTC] PHP Fatal error:  Uncaught Error: Class "User" not found in D:\!SRV\wwwroot\localhost\authentication-jwt\api\create_user.php:20
Stack trace:
#0 {main}
  thrown in D:\!SRV\wwwroot\localhost\authentication-jwt\api\create_user.php on line 20
[23-Oct-2023 00:47:40 UTC] PHP Warning:  include_once(../Objects/User.php): Failed to open stream: No such file or directory in D:\!SRV\wwwroot\localhost\authentication-jwt\api\create_user.php on line 13
[23-Oct-2023 00:47:40 UTC] PHP Warning:  include_once(): Failed opening '../Objects/User.php' for inclusion (include_path='.;C:\php\pear') in D:\!SRV\wwwroot\localhost\authentication-jwt\api\create_user.php on line 13
[23-Oct-2023 00:47:40 UTC] PHP Fatal error:  Uncaught Error: Class "User" not found in D:\!SRV\wwwroot\localhost\authentication-jwt\api\create_user.php:20
Stack trace:
#0 {main}
  thrown in D:\!SRV\wwwroot\localhost\authentication-jwt\api\create_user.php on line 20
[23-Oct-2023 00:47:43 UTC] PHP Warning:  include_once(../Objects/User.php): Failed to open stream: No such file or directory in D:\!SRV\wwwroot\localhost\authentication-jwt\api\create_user.php on line 13
[23-Oct-2023 00:47:43 UTC] PHP Warning:  include_once(): Failed opening '../Objects/User.php' for inclusion (include_path='.;C:\php\pear') in D:\!SRV\wwwroot\localhost\authentication-jwt\api\create_user.php on line 13
[23-Oct-2023 00:47:43 UTC] PHP Fatal error:  Uncaught Error: Class "User" not found in D:\!SRV\wwwroot\localhost\authentication-jwt\api\create_user.php:20
Stack trace:
#0 {main}
  thrown in D:\!SRV\wwwroot\localhost\authentication-jwt\api\create_user.php on line 20
[23-Oct-2023 00:47:43 UTC] PHP Warning:  include_once(../Objects/User.php): Failed to open stream: No such file or directory in D:\!SRV\wwwroot\localhost\authentication-jwt\api\create_user.php on line 13
[23-Oct-2023 00:47:43 UTC] PHP Warning:  include_once(): Failed opening '../Objects/User.php' for inclusion (include_path='.;C:\php\pear') in D:\!SRV\wwwroot\localhost\authentication-jwt\api\create_user.php on line 13
[23-Oct-2023 00:47:43 UTC] PHP Fatal error:  Uncaught Error: Class "User" not found in D:\!SRV\wwwroot\localhost\authentication-jwt\api\create_user.php:20
Stack trace:
#0 {main}
  thrown in D:\!SRV\wwwroot\localhost\authentication-jwt\api\create_user.php on line 20
[23-Oct-2023 00:47:43 UTC] PHP Warning:  include_once(../Objects/User.php): Failed to open stream: No such file or directory in D:\!SRV\wwwroot\localhost\authentication-jwt\api\create_user.php on line 13
[23-Oct-2023 00:47:43 UTC] PHP Warning:  include_once(): Failed opening '../Objects/User.php' for inclusion (include_path='.;C:\php\pear') in D:\!SRV\wwwroot\localhost\authentication-jwt\api\create_user.php on line 13
[23-Oct-2023 00:47:43 UTC] PHP Fatal error:  Uncaught Error: Class "User" not found in D:\!SRV\wwwroot\localhost\authentication-jwt\api\create_user.php:20
Stack trace:
#0 {main}
  thrown in D:\!SRV\wwwroot\localhost\authentication-jwt\api\create_user.php on line 20
[23-Oct-2023 00:47:43 UTC] PHP Warning:  include_once(../Objects/User.php): Failed to open stream: No such file or directory in D:\!SRV\wwwroot\localhost\authentication-jwt\api\create_user.php on line 13
[23-Oct-2023 00:47:43 UTC] PHP Warning:  include_once(): Failed opening '../Objects/User.php' for inclusion (include_path='.;C:\php\pear') in D:\!SRV\wwwroot\localhost\authentication-jwt\api\create_user.php on line 13
[23-Oct-2023 00:47:43 UTC] PHP Fatal error:  Uncaught Error: Class "User" not found in D:\!SRV\wwwroot\localhost\authentication-jwt\api\create_user.php:20
Stack trace:
#0 {main}
  thrown in D:\!SRV\wwwroot\localhost\authentication-jwt\api\create_user.php on line 20
[23-Oct-2023 03:47:48 Europe/Moscow] PHP Warning:  include_once(libs/php-jwt/BeforeValidException.php): Failed to open stream: No such file or directory in D:\!SRV\wwwroot\localhost\authentication-jwt\api\validate_token.php on line 12
[23-Oct-2023 03:47:48 Europe/Moscow] PHP Warning:  include_once(): Failed opening 'libs/php-jwt/BeforeValidException.php' for inclusion (include_path='.;C:\php\pear') in D:\!SRV\wwwroot\localhost\authentication-jwt\api\validate_token.php on line 12
[23-Oct-2023 03:47:48 Europe/Moscow] PHP Warning:  include_once(libs/php-jwt/ExpiredException.php): Failed to open stream: No such file or directory in D:\!SRV\wwwroot\localhost\authentication-jwt\api\validate_token.php on line 13
[23-Oct-2023 03:47:48 Europe/Moscow] PHP Warning:  include_once(): Failed opening 'libs/php-jwt/ExpiredException.php' for inclusion (include_path='.;C:\php\pear') in D:\!SRV\wwwroot\localhost\authentication-jwt\api\validate_token.php on line 13
[23-Oct-2023 03:47:48 Europe/Moscow] PHP Warning:  include_once(libs/php-jwt/SignatureInvalidException.php): Failed to open stream: No such file or directory in D:\!SRV\wwwroot\localhost\authentication-jwt\api\validate_token.php on line 14
[23-Oct-2023 03:47:48 Europe/Moscow] PHP Warning:  include_once(): Failed opening 'libs/php-jwt/SignatureInvalidException.php' for inclusion (include_path='.;C:\php\pear') in D:\!SRV\wwwroot\localhost\authentication-jwt\api\validate_token.php on line 14
[23-Oct-2023 03:47:48 Europe/Moscow] PHP Warning:  include_once(libs/php-jwt/JWT.php): Failed to open stream: No such file or directory in D:\!SRV\wwwroot\localhost\authentication-jwt\api\validate_token.php on line 15
[23-Oct-2023 03:47:48 Europe/Moscow] PHP Warning:  include_once(): Failed opening 'libs/php-jwt/JWT.php' for inclusion (include_path='.;C:\php\pear') in D:\!SRV\wwwroot\localhost\authentication-jwt\api\validate_token.php on line 15
[23-Oct-2023 03:47:48 Europe/Moscow] PHP Warning:  include_once(libs/php-jwt/Key.php): Failed to open stream: No such file or directory in D:\!SRV\wwwroot\localhost\authentication-jwt\api\validate_token.php on line 16
[23-Oct-2023 03:47:48 Europe/Moscow] PHP Warning:  include_once(): Failed opening 'libs/php-jwt/Key.php' for inclusion (include_path='.;C:\php\pear') in D:\!SRV\wwwroot\localhost\authentication-jwt\api\validate_token.php on line 16
[23-Oct-2023 00:47:56 UTC] PHP Warning:  include_once(../Objects/User.php): Failed to open stream: No such file or directory in D:\!SRV\wwwroot\localhost\authentication-jwt\api\login.php on line 12
[23-Oct-2023 00:47:56 UTC] PHP Warning:  include_once(): Failed opening '../Objects/User.php' for inclusion (include_path='.;C:\php\pear') in D:\!SRV\wwwroot\localhost\authentication-jwt\api\login.php on line 12
[23-Oct-2023 00:47:56 UTC] PHP Fatal error:  Uncaught Error: Class "User" not found in D:\!SRV\wwwroot\localhost\authentication-jwt\api\login.php:19
Stack trace:
#0 {main}
  thrown in D:\!SRV\wwwroot\localhost\authentication-jwt\api\login.php on line 19
