[14-Nov-2023 03:29:21 UTC] PHP Warning:  require_once(includes.php): Failed to open stream: No such file or directory in D:\!SRV\wwwroot\localhost\OrderManagementSystem\index.php on line 4
[14-Nov-2023 03:29:21 UTC] PHP Fatal error:  Uncaught Error: Failed opening required 'includes.php' (include_path='.;C:\php\pear') in D:\!SRV\wwwroot\localhost\OrderManagementSystem\index.php:4
Stack trace:
#0 {main}
  thrown in D:\!SRV\wwwroot\localhost\OrderManagementSystem\index.php on line 4
[14-Nov-2023 03:29:22 UTC] PHP Warning:  require_once(includes.php): Failed to open stream: No such file or directory in D:\!SRV\wwwroot\localhost\OrderManagementSystem\index.php on line 4
[14-Nov-2023 03:29:22 UTC] PHP Fatal error:  Uncaught Error: Failed opening required 'includes.php' (include_path='.;C:\php\pear') in D:\!SRV\wwwroot\localhost\OrderManagementSystem\index.php:4
Stack trace:
#0 {main}
  thrown in D:\!SRV\wwwroot\localhost\OrderManagementSystem\index.php on line 4
[14-Nov-2023 03:29:50 UTC] PHP Warning:  require_once(includes.php): Failed to open stream: No such file or directory in D:\!SRV\wwwroot\localhost\OrderManagementSystem\index.php on line 4
[14-Nov-2023 03:29:50 UTC] PHP Fatal error:  Uncaught Error: Failed opening required 'includes.php' (include_path='.;C:\php\pear') in D:\!SRV\wwwroot\localhost\OrderManagementSystem\index.php:4
Stack trace:
#0 {main}
  thrown in D:\!SRV\wwwroot\localhost\OrderManagementSystem\index.php on line 4
[14-Nov-2023 03:29:51 UTC] PHP Warning:  require_once(includes.php): Failed to open stream: No such file or directory in D:\!SRV\wwwroot\localhost\OrderManagementSystem\index.php on line 4
[14-Nov-2023 03:29:51 UTC] PHP Fatal error:  Uncaught Error: Failed opening required 'includes.php' (include_path='.;C:\php\pear') in D:\!SRV\wwwroot\localhost\OrderManagementSystem\index.php:4
Stack trace:
#0 {main}
  thrown in D:\!SRV\wwwroot\localhost\OrderManagementSystem\index.php on line 4
[14-Nov-2023 03:30:11 UTC] PHP Warning:  require_once(includes.php): Failed to open stream: No such file or directory in D:\!SRV\wwwroot\localhost\OrderManagementSystem\index.php on line 4
[14-Nov-2023 03:30:11 UTC] PHP Fatal error:  Uncaught Error: Failed opening required 'includes.php' (include_path='.;C:\php\pear') in D:\!SRV\wwwroot\localhost\OrderManagementSystem\index.php:4
Stack trace:
#0 {main}
  thrown in D:\!SRV\wwwroot\localhost\OrderManagementSystem\index.php on line 4
[14-Nov-2023 03:30:12 UTC] PHP Warning:  require_once(includes.php): Failed to open stream: No such file or directory in D:\!SRV\wwwroot\localhost\OrderManagementSystem\index.php on line 4
[14-Nov-2023 03:30:12 UTC] PHP Fatal error:  Uncaught Error: Failed opening required 'includes.php' (include_path='.;C:\php\pear') in D:\!SRV\wwwroot\localhost\OrderManagementSystem\index.php:4
Stack trace:
#0 {main}
  thrown in D:\!SRV\wwwroot\localhost\OrderManagementSystem\index.php on line 4
[14-Nov-2023 03:30:26 UTC] PHP Warning:  require_once(includes.php): Failed to open stream: No such file or directory in D:\!SRV\wwwroot\localhost\OrderManagementSystem\index.php on line 4
[14-Nov-2023 03:30:26 UTC] PHP Fatal error:  Uncaught Error: Failed opening required 'includes.php' (include_path='.;C:\php\pear') in D:\!SRV\wwwroot\localhost\OrderManagementSystem\index.php:4
Stack trace:
#0 {main}
  thrown in D:\!SRV\wwwroot\localhost\OrderManagementSystem\index.php on line 4
[14-Nov-2023 03:30:30 UTC] PHP Warning:  require(includes.php): Failed to open stream: No such file or directory in D:\!SRV\wwwroot\localhost\OrderManagementSystem\index.php on line 4
[14-Nov-2023 03:30:30 UTC] PHP Fatal error:  Uncaught Error: Failed opening required 'includes.php' (include_path='.;C:\php\pear') in D:\!SRV\wwwroot\localhost\OrderManagementSystem\index.php:4
Stack trace:
#0 {main}
  thrown in D:\!SRV\wwwroot\localhost\OrderManagementSystem\index.php on line 4
[14-Nov-2023 03:30:49 UTC] PHP Warning:  require(includes.php): Failed to open stream: No such file or directory in D:\!SRV\wwwroot\localhost\OrderManagementSystem\index.php on line 4
[14-Nov-2023 03:30:49 UTC] PHP Fatal error:  Uncaught Error: Failed opening required 'includes.php' (include_path='.;C:\php\pear') in D:\!SRV\wwwroot\localhost\OrderManagementSystem\index.php:4
Stack trace:
#0 {main}
  thrown in D:\!SRV\wwwroot\localhost\OrderManagementSystem\index.php on line 4
[14-Nov-2023 03:31:47 UTC] PHP Warning:  require(top_menu.php): Failed to open stream: No such file or directory in D:\!SRV\wwwroot\localhost\OrderManagementSystem\index.php on line 9
[14-Nov-2023 03:31:47 UTC] PHP Fatal error:  Uncaught Error: Failed opening required 'top_menu.php' (include_path='.;C:\php\pear') in D:\!SRV\wwwroot\localhost\OrderManagementSystem\index.php:9
Stack trace:
#0 {main}
  thrown in D:\!SRV\wwwroot\localhost\OrderManagementSystem\index.php on line 9
[14-Nov-2023 03:31:56 UTC] PHP Warning:  require(top_menu.php): Failed to open stream: No such file or directory in D:\!SRV\wwwroot\localhost\OrderManagementSystem\index.php on line 9
[14-Nov-2023 03:31:56 UTC] PHP Fatal error:  Uncaught Error: Failed opening required 'top_menu.php' (include_path='.;C:\php\pear') in D:\!SRV\wwwroot\localhost\OrderManagementSystem\index.php:9
Stack trace:
#0 {main}
  thrown in D:\!SRV\wwwroot\localhost\OrderManagementSystem\index.php on line 9
[14-Nov-2023 03:32:03 UTC] PHP Warning:  require(top_menu.php): Failed to open stream: No such file or directory in D:\!SRV\wwwroot\localhost\OrderManagementSystem\index.php on line 9
[14-Nov-2023 03:32:03 UTC] PHP Fatal error:  Uncaught Error: Failed opening required 'top_menu.php' (include_path='.;C:\php\pear') in D:\!SRV\wwwroot\localhost\OrderManagementSystem\index.php:9
Stack trace:
#0 {main}
  thrown in D:\!SRV\wwwroot\localhost\OrderManagementSystem\index.php on line 9
[14-Nov-2023 03:32:04 UTC] PHP Warning:  require(top_menu.php): Failed to open stream: No such file or directory in D:\!SRV\wwwroot\localhost\OrderManagementSystem\index.php on line 9
[14-Nov-2023 03:32:04 UTC] PHP Fatal error:  Uncaught Error: Failed opening required 'top_menu.php' (include_path='.;C:\php\pear') in D:\!SRV\wwwroot\localhost\OrderManagementSystem\index.php:9
Stack trace:
#0 {main}
  thrown in D:\!SRV\wwwroot\localhost\OrderManagementSystem\index.php on line 9
[14-Nov-2023 03:32:05 UTC] PHP Warning:  require(top_menu.php): Failed to open stream: No such file or directory in D:\!SRV\wwwroot\localhost\OrderManagementSystem\index.php on line 9
[14-Nov-2023 03:32:05 UTC] PHP Fatal error:  Uncaught Error: Failed opening required 'top_menu.php' (include_path='.;C:\php\pear') in D:\!SRV\wwwroot\localhost\OrderManagementSystem\index.php:9
Stack trace:
#0 {main}
  thrown in D:\!SRV\wwwroot\localhost\OrderManagementSystem\index.php on line 9
[14-Nov-2023 03:36:54 UTC] PHP Warning:  require(content.php): Failed to open stream: No such file or directory in D:\!SRV\wwwroot\localhost\OrderManagementSystem\index.php on line 10
[14-Nov-2023 03:36:54 UTC] PHP Fatal error:  Uncaught Error: Failed opening required 'content.php' (include_path='.;C:\php\pear') in D:\!SRV\wwwroot\localhost\OrderManagementSystem\index.php:10
Stack trace:
#0 {main}
  thrown in D:\!SRV\wwwroot\localhost\OrderManagementSystem\index.php on line 10
